08/05/2022 12:54:25Now listening on: "https://localhost:5001"
08/05/2022 12:54:25Now listening on: "http://localhost:5000"
08/05/2022 12:54:25Application started. Press Ctrl+C to shut down.
08/05/2022 12:54:25Hosting environment: "Development"
08/05/2022 12:54:25Content root path: "C:\Users\mt4018\source\repos\GETECIno\GETECIno"
08/05/2022 12:54:26Request starting HTTP/2 GET https://localhost:5001/swagger  
08/05/2022 12:54:26HTTP "GET" "/swagger" responded 302 in 8.9884 ms
08/05/2022 12:54:26Request finished in 30.081ms 302 
08/05/2022 12:54:26Request starting HTTP/2 GET https://localhost:5001/swagger/index.html  
08/05/2022 12:54:27HTTP "GET" "/swagger/index.html" responded 200 in 403.8482 ms
08/05/2022 12:54:27Request finished in 405.1914ms 200 text/html; charset=utf-8
08/05/2022 12:54:27Request starting HTTP/2 GET https://localhost:5001/swagger/swagger-ui.css  
08/05/2022 12:54:27Request starting HTTP/2 GET https://localhost:5001/swagger/swagger-ui-bundle.js  
08/05/2022 12:54:27Request starting HTTP/2 GET https://localhost:5001/swagger/swagger-ui-standalone-preset.js  
08/05/2022 12:54:27Sending file. Request path: '"/swagger-ui-bundle.js"'. Physical path: '"N/A"'
08/05/2022 12:54:27Sending file. Request path: '"/swagger-ui-standalone-preset.js"'. Physical path: '"N/A"'
08/05/2022 12:54:27Sending file. Request path: '"/swagger-ui.css"'. Physical path: '"N/A"'
08/05/2022 12:54:27HTTP "GET" "/swagger/swagger-ui-bundle.js" responded 200 in 87.5790 ms
08/05/2022 12:54:27HTTP "GET" "/swagger/swagger-ui.css" responded 200 in 87.9822 ms
08/05/2022 12:54:27HTTP "GET" "/swagger/swagger-ui-standalone-preset.js" responded 200 in 87.5019 ms
08/05/2022 12:54:27Request finished in 90.0019ms 200 application/javascript
08/05/2022 12:54:27Request finished in 89.7041ms 200 application/javascript
08/05/2022 12:54:27Request finished in 90.6507ms 200 text/css
08/05/2022 12:54:27Request starting HTTP/2 GET https://localhost:5001/swagger/v1/swagger.json  
08/05/2022 12:54:27Request starting HTTP/2 GET https://localhost:5001/swagger/favicon-32x32.png  
08/05/2022 12:54:27Sending file. Request path: '"/favicon-32x32.png"'. Physical path: '"N/A"'
08/05/2022 12:54:27HTTP "GET" "/swagger/favicon-32x32.png" responded 200 in 1.4392 ms
08/05/2022 12:54:27Request finished in 10.0411ms 200 image/png
08/05/2022 12:54:28HTTP "GET" "/swagger/v1/swagger.json" responded 200 in 629.5701 ms
08/05/2022 12:54:28Request finished in 631.0125ms 200 application/json; charset=utf-8
08/05/2022 12:55:34Request starting HTTP/2 POST https://localhost:5001/api/mongodb/getEcino application/json 65
08/05/2022 12:55:34Executing endpoint '"GetECIno.Controllers.MongoDBController.Result (GetECINo)"'
08/05/2022 12:55:34Route matched with "{action = \"Result\", controller = \"MongoDB\"}". Executing controller action with signature "Microsoft.AspNetCore.Mvc.ActionResult Result(GetECIno.Models.EcinoRequest)" on controller "GetECIno.Controllers.MongoDBController" ("GetECINo").
08/05/2022 12:55:35Executing action method "GetECIno.Controllers.MongoDBController.Result (GetECINo)" - Validation state: Valid
08/05/2022 12:55:35Request: "{\"Name\":\"string\",\"Gender\":\"male\",\"Dob\":\"2001/01/01\"}"
08/05/2022 12:55:35Database Connected Successfully
08/05/2022 12:55:35No matches found
08/05/2022 12:55:35Executed action method "GetECIno.Controllers.MongoDBController.Result (GetECINo)", returned result "Microsoft.AspNetCore.Mvc.ContentResult" in 113.8384ms.
08/05/2022 12:55:35Executing ContentResult with HTTP Response ContentType of "application/json"
08/05/2022 12:55:35Executed action "GetECIno.Controllers.MongoDBController.Result (GetECINo)" in 940.1571ms
08/05/2022 12:55:35Executed endpoint '"GetECIno.Controllers.MongoDBController.Result (GetECINo)"'
08/05/2022 12:55:35HTTP "POST" "/api/mongodb/getEcino" responded 404 in 1041.6757 ms
08/05/2022 12:55:35Request finished in 1071.1831ms 404 application/json
08/05/2022 12:56:01Request starting HTTP/2 GET https://localhost:5001/api/mongodb/health  
08/05/2022 12:56:01Executing endpoint '"GetECIno.Controllers.MongoDBController.IsAliveAsync (GetECINo)"'
08/05/2022 12:56:01Route matched with "{action = \"IsAlive\", controller = \"MongoDB\"}". Executing controller action with signature "System.Threading.Tasks.Task`1[Microsoft.AspNetCore.Mvc.IActionResult] IsAliveAsync()" on controller "GetECIno.Controllers.MongoDBController" ("GetECINo").
08/05/2022 12:56:01Executing action method "GetECIno.Controllers.MongoDBController.IsAliveAsync (GetECINo)" - Validation state: Valid
08/05/2022 12:56:01Health
08/05/2022 12:56:01Executed action method "GetECIno.Controllers.MongoDBController.IsAliveAsync (GetECINo)", returned result "Microsoft.AspNetCore.Mvc.ContentResult" in 21.5071ms.
08/05/2022 12:56:01Executing ContentResult with HTTP Response ContentType of "text/plain; charset=utf-8"
08/05/2022 12:56:01Executed action "GetECIno.Controllers.MongoDBController.IsAliveAsync (GetECINo)" in 24.8081ms
08/05/2022 12:56:01Executed endpoint '"GetECIno.Controllers.MongoDBController.IsAliveAsync (GetECINo)"'
08/05/2022 12:56:01HTTP "GET" "/api/mongodb/health" responded 200 in 34.8536 ms
08/05/2022 12:56:01Request finished in 44.3394ms 200 text/plain; charset=utf-8
08/05/2022 13:28:13Now listening on: "https://localhost:5001"
08/05/2022 13:28:13Now listening on: "http://localhost:5000"
08/05/2022 13:28:13Application started. Press Ctrl+C to shut down.
08/05/2022 13:28:13Hosting environment: "Development"
08/05/2022 13:28:13Content root path: "C:\Users\mt4018\source\repos\GETECIno\GETECIno"
08/05/2022 13:28:14Request starting HTTP/2 GET https://localhost:5001/swagger  
08/05/2022 13:28:14HTTP "GET" "/swagger" responded 302 in 11.6082 ms
08/05/2022 13:28:14Request finished in 30.9814ms 302 
08/05/2022 13:28:14Request starting HTTP/2 GET https://localhost:5001/swagger/index.html  
08/05/2022 13:28:14HTTP "GET" "/swagger/index.html" responded 200 in 249.1151 ms
08/05/2022 13:28:14Request finished in 249.6488ms 200 text/html; charset=utf-8
08/05/2022 13:28:15Request starting HTTP/2 GET https://localhost:5001/swagger/v1/swagger.json  
08/05/2022 13:28:15HTTP "GET" "/swagger/v1/swagger.json" responded 200 in 640.9918 ms
08/05/2022 13:28:15Request finished in 642.8656ms 200 application/json; charset=utf-8
08/05/2022 13:28:23Request starting HTTP/2 GET https://localhost:5001/api/mongodb/health  
08/05/2022 13:28:23Executing endpoint '"GetECIno.Controllers.MongoDBController.IsAliveAsync (GetECINo)"'
08/05/2022 13:28:23Route matched with "{action = \"IsAlive\", controller = \"MongoDB\"}". Executing controller action with signature "System.Threading.Tasks.Task`1[Microsoft.AspNetCore.Mvc.IActionResult] IsAliveAsync()" on controller "GetECIno.Controllers.MongoDBController" ("GetECINo").
08/05/2022 13:28:23Executing action method "GetECIno.Controllers.MongoDBController.IsAliveAsync (GetECINo)" - Validation state: Valid
08/05/2022 13:28:23Health
08/05/2022 13:28:23Executed action method "GetECIno.Controllers.MongoDBController.IsAliveAsync (GetECINo)", returned result "Microsoft.AspNetCore.Mvc.ContentResult" in 13.074ms.
08/05/2022 13:28:23Executing ContentResult with HTTP Response ContentType of "text/plain; charset=utf-8"
08/05/2022 13:28:23Executed action "GetECIno.Controllers.MongoDBController.IsAliveAsync (GetECINo)" in 389.3322ms
08/05/2022 13:28:23Executed endpoint '"GetECIno.Controllers.MongoDBController.IsAliveAsync (GetECINo)"'
08/05/2022 13:28:23HTTP "GET" "/api/mongodb/health" responded 200 in 474.0388 ms
08/05/2022 13:28:23Request finished in 504.6552ms 200 text/plain; charset=utf-8
08/05/2022 13:30:47Now listening on: "https://localhost:5001"
08/05/2022 13:30:47Now listening on: "http://localhost:5000"
08/05/2022 13:30:47Application started. Press Ctrl+C to shut down.
08/05/2022 13:30:47Hosting environment: "Development"
08/05/2022 13:30:47Content root path: "C:\Users\mt4018\source\repos\GETECIno\GETECIno"
08/05/2022 13:30:48Request starting HTTP/2 GET https://localhost:5001/swagger  
08/05/2022 13:30:48HTTP "GET" "/swagger" responded 302 in 6.7933 ms
08/05/2022 13:30:48Request finished in 28.2496ms 302 
08/05/2022 13:30:48Request starting HTTP/2 GET https://localhost:5001/swagger/index.html  
08/05/2022 13:30:48HTTP "GET" "/swagger/index.html" responded 200 in 206.9976 ms
08/05/2022 13:30:48Request finished in 207.5508ms 200 text/html; charset=utf-8
08/05/2022 13:30:48Request starting HTTP/2 GET https://localhost:5001/swagger/v1/swagger.json  
08/05/2022 13:30:49HTTP "GET" "/swagger/v1/swagger.json" responded 200 in 575.8685 ms
08/05/2022 13:30:49Request finished in 576.2042ms 200 application/json; charset=utf-8
08/05/2022 13:31:10Request starting HTTP/2 POST https://localhost:5001/api/mongodb/getEcino application/json 65
08/05/2022 13:31:10Executing endpoint '"GetECIno.Controllers.MongoDBController.Result (GetECINo)"'
08/05/2022 13:31:10Route matched with "{action = \"Result\", controller = \"MongoDB\"}". Executing controller action with signature "Microsoft.AspNetCore.Mvc.ActionResult Result(GetECIno.Models.EcinoRequest)" on controller "GetECIno.Controllers.MongoDBController" ("GetECINo").
08/05/2022 13:31:11Executing action method "GetECIno.Controllers.MongoDBController.Result (GetECINo)" - Validation state: Valid
08/05/2022 13:31:11Request: "{\"Name\":\"string\",\"Gender\":\"male\",\"Dob\":\"2001/09/09\"}"
08/05/2022 13:31:11Database Connected Successfully
08/05/2022 13:31:11No matches found
08/05/2022 13:31:11Executed action method "GetECIno.Controllers.MongoDBController.Result (GetECINo)", returned result "Microsoft.AspNetCore.Mvc.ContentResult" in 136.348ms.
08/05/2022 13:31:11Executing ContentResult with HTTP Response ContentType of "application/json"
08/05/2022 13:31:11Executed action "GetECIno.Controllers.MongoDBController.Result (GetECINo)" in 526.0748ms
08/05/2022 13:31:11Executed endpoint '"GetECIno.Controllers.MongoDBController.Result (GetECINo)"'
08/05/2022 13:31:11HTTP "POST" "/api/mongodb/getEcino" responded 404 in 608.1275 ms
08/05/2022 13:31:11Request finished in 640.9635ms 404 application/json
08/05/2022 13:31:28Application is shutting down...
