06/23/2022 19:14:00Now listening on: "https://localhost:5001"
06/23/2022 19:14:00Now listening on: "http://localhost:5000"
06/23/2022 19:14:00Application started. Press Ctrl+C to shut down.
06/23/2022 19:14:00Hosting environment: "Development"
06/23/2022 19:14:00Content root path: "C:\Users\mt4018\source\repos\GETECIno\GETECIno"
06/23/2022 19:14:01Request starting HTTP/2 GET https://localhost:5001/swagger  
06/23/2022 19:14:01HTTP "GET" "/swagger" responded 302 in 9.3817 ms
06/23/2022 19:14:01Request finished in 27.3354ms 302 
06/23/2022 19:14:01Request starting HTTP/2 GET https://localhost:5001/swagger/index.html  
06/23/2022 19:14:01HTTP "GET" "/swagger/index.html" responded 200 in 422.0248 ms
06/23/2022 19:14:01Request finished in 423.0561ms 200 text/html; charset=utf-8
06/23/2022 19:14:01Request starting HTTP/2 GET https://localhost:5001/swagger/swagger-ui.css  
06/23/2022 19:14:01Request starting HTTP/2 GET https://localhost:5001/swagger/swagger-ui-bundle.js  
06/23/2022 19:14:01Request starting HTTP/2 GET https://localhost:5001/swagger/swagger-ui-standalone-preset.js  
06/23/2022 19:14:01The file "/swagger-ui-bundle.js" was not modified
06/23/2022 19:14:01The file "/swagger-ui.css" was not modified
06/23/2022 19:14:01The file "/swagger-ui-standalone-preset.js" was not modified
06/23/2022 19:14:01HTTP "GET" "/swagger/swagger-ui.css" responded 304 in 41.0400 ms
06/23/2022 19:14:01HTTP "GET" "/swagger/swagger-ui-standalone-preset.js" responded 304 in 40.3026 ms
06/23/2022 19:14:01HTTP "GET" "/swagger/swagger-ui-bundle.js" responded 304 in 40.8013 ms
06/23/2022 19:14:01Request finished in 41.4441ms 304 application/javascript
06/23/2022 19:14:01Request finished in 41.7738ms 304 text/css
06/23/2022 19:14:01Request finished in 41.1562ms 304 application/javascript
06/23/2022 19:14:02Request starting HTTP/2 GET https://localhost:5001/swagger/v1/swagger.json  
06/23/2022 19:14:02HTTP "GET" "/swagger/v1/swagger.json" responded 200 in 662.9465 ms
06/23/2022 19:14:02Request finished in 664.9204ms 200 application/json; charset=utf-8
06/23/2022 19:14:12Request starting HTTP/2 GET https://localhost:5001/api/mongodb/health  
06/23/2022 19:14:12Executing endpoint '"GetECIno.Controllers.MongoDBController.IsAliveAsync (GetECINo)"'
06/23/2022 19:14:12Route matched with "{action = \"IsAlive\", controller = \"MongoDB\"}". Executing controller action with signature "System.Threading.Tasks.Task`1[Microsoft.AspNetCore.Mvc.IActionResult] IsAliveAsync()" on controller "GetECIno.Controllers.MongoDBController" ("GetECINo").
06/23/2022 19:14:13Executing action method "GetECIno.Controllers.MongoDBController.IsAliveAsync (GetECINo)" - Validation state: Valid
06/23/2022 19:14:13Health
06/23/2022 19:14:13Executed action method "GetECIno.Controllers.MongoDBController.IsAliveAsync (GetECINo)", returned result "Microsoft.AspNetCore.Mvc.ContentResult" in 9.2554ms.
06/23/2022 19:14:13Executing ContentResult with HTTP Response ContentType of "text/plain; charset=utf-8"
06/23/2022 19:14:13Executed action "GetECIno.Controllers.MongoDBController.IsAliveAsync (GetECINo)" in 827.8981ms
06/23/2022 19:14:13Executed endpoint '"GetECIno.Controllers.MongoDBController.IsAliveAsync (GetECINo)"'
06/23/2022 19:14:13HTTP "GET" "/api/mongodb/health" responded 200 in 917.0504 ms
06/23/2022 19:14:13Request finished in 949.5778ms 200 text/plain; charset=utf-8
